{"/Users/bnj02/Downloads/TestFolder/expense-tracker-api/server/src/index.ts": {"path":"/Users/bnj02/Downloads/TestFolder/expense-tracker-api/server/src/index.ts","statementMap":{"0":{"start":{"line":1,"column":0},"end":{"line":1,"column":80}},"1":{"start":{"line":2,"column":0},"end":{"line":2,"column":28}},"2":{"start":{"line":3,"column":0},"end":{"line":3,"column":54}},"3":{"start":{"line":4,"column":0},"end":{"line":4,"column":39}},"4":{"start":{"line":5,"column":0},"end":{"line":5,"column":43}},"5":{"start":{"line":6,"column":0},"end":{"line":6,"column":43}},"6":{"start":{"line":7,"column":0},"end":{"line":7,"column":45}},"7":{"start":{"line":8,"column":0},"end":{"line":8,"column":45}},"8":{"start":{"line":9,"column":0},"end":{"line":9,"column":36}},"9":{"start":{"line":10,"column":0},"end":{"line":10,"column":58}},"10":{"start":{"line":12,"column":16},"end":{"line":12,"column":63}},"11":{"start":{"line":13,"column":0},"end":{"line":13,"column":33}},"12":{"start":{"line":15,"column":25},"end":{"line":15,"column":34}},"13":{"start":{"line":17,"column":0},"end":{"line":17,"column":12}},"14":{"start":{"line":20,"column":0},"end":{"line":20,"column":null}},"15":{"start":{"line":23,"column":0},"end":{"line":23,"column":30}},"16":{"start":{"line":24,"column":0},"end":{"line":24,"column":34}},"17":{"start":{"line":25,"column":0},"end":{"line":25,"column":37}},"18":{"start":{"line":26,"column":0},"end":{"line":26,"column":39}},"19":{"start":{"line":27,"column":0},"end":{"line":27,"column":39}},"20":{"start":{"line":30,"column":0},"end":{"line":32,"column":null}},"21":{"start":{"line":31,"column":2},"end":{"line":31,"column":53}},"22":{"start":{"line":35,"column":0},"end":{"line":35,"column":22}},"23":{"start":{"line":38,"column":0},"end":{"line":38,"column":19}},"24":{"start":{"line":41,"column":0},"end":{"line":46,"column":1}},"25":{"start":{"line":42,"column":15},"end":{"line":42,"column":39}},"26":{"start":{"line":43,"column":2},"end":{"line":45,"column":5}},"27":{"start":{"line":44,"column":4},"end":{"line":44,"column":65}}},"fnMap":{"0":{"name":"(anonymous_1)","decl":{"start":{"line":30,"column":8},"end":{"line":30,"column":9}},"loc":{"start":{"line":30,"column":61},"end":{"line":32,"column":1}}},"1":{"name":"(anonymous_2)","decl":{"start":{"line":43,"column":19},"end":{"line":43,"column":22}},"loc":{"start":{"line":43,"column":24},"end":{"line":45,"column":3}}}},"branchMap":{"0":{"loc":{"start":{"line":12,"column":24},"end":{"line":12,"column":61}},"type":"binary-expr","locations":[{"start":{"line":12,"column":24},"end":{"line":12,"column":44}},{"start":{"line":12,"column":48},"end":{"line":12,"column":61}}]},"1":{"loc":{"start":{"line":41,"column":0},"end":{"line":46,"column":1}},"type":"if","locations":[{"start":{"line":41,"column":0},"end":{"line":46,"column":1}}]},"2":{"loc":{"start":{"line":42,"column":15},"end":{"line":42,"column":39}},"type":"binary-expr","locations":[{"start":{"line":42,"column":15},"end":{"line":42,"column":31}},{"start":{"line":42,"column":35},"end":{"line":42,"column":39}}]}},"s":{"0":4,"1":4,"2":4,"3":4,"4":4,"5":4,"6":4,"7":4,"8":4,"9":4,"10":4,"11":4,"12":4,"13":4,"14":4,"15":4,"16":4,"17":4,"18":4,"19":4,"20":4,"21":0,"22":4,"23":4,"24":4,"25":0,"26":0,"27":0},"f":{"0":0,"1":0},"b":{"0":[4,0],"1":[0],"2":[0,0]}}
,"/Users/bnj02/Downloads/TestFolder/expense-tracker-api/server/src/config/db.ts": {"path":"/Users/bnj02/Downloads/TestFolder/expense-tracker-api/server/src/config/db.ts","statementMap":{"0":{"start":{"line":1,"column":0},"end":{"line":1,"column":32}},"1":{"start":{"line":2,"column":0},"end":{"line":2,"column":28}},"2":{"start":{"line":4,"column":0},"end":{"line":4,"column":16}},"3":{"start":{"line":6,"column":18},"end":{"line":16,"column":1}},"4":{"start":{"line":7,"column":2},"end":{"line":15,"column":3}},"5":{"start":{"line":8,"column":4},"end":{"line":8,"column":41}},"6":{"start":{"line":9,"column":26},"end":{"line":9,"column":57}},"7":{"start":{"line":10,"column":4},"end":{"line":10,"column":34}},"8":{"start":{"line":11,"column":4},"end":{"line":11,"column":37}},"9":{"start":{"line":13,"column":4},"end":{"line":13,"column":56}},"10":{"start":{"line":14,"column":4},"end":{"line":14,"column":20}},"11":{"start":{"line":18,"column":0},"end":{"line":18,"column":25}}},"fnMap":{"0":{"name":"(anonymous_1)","decl":{"start":{"line":6,"column":18},"end":{"line":6,"column":23}},"loc":{"start":{"line":6,"column":44},"end":{"line":16,"column":1}}}},"branchMap":{},"s":{"0":4,"1":4,"2":4,"3":4,"4":4,"5":4,"6":4,"7":4,"8":4,"9":0,"10":0,"11":4},"f":{"0":4},"b":{}}
,"/Users/bnj02/Downloads/TestFolder/expense-tracker-api/server/src/config/middleware.ts": {"path":"/Users/bnj02/Downloads/TestFolder/expense-tracker-api/server/src/config/middleware.ts","statementMap":{"0":{"start":{"line":1,"column":0},"end":{"line":1,"column":47}},"1":{"start":{"line":2,"column":0},"end":{"line":2,"column":41}},"2":{"start":{"line":3,"column":0},"end":{"line":3,"column":24}},"3":{"start":{"line":4,"column":0},"end":{"line":4,"column":28}},"4":{"start":{"line":5,"column":0},"end":{"line":5,"column":28}},"5":{"start":{"line":6,"column":0},"end":{"line":6,"column":57}},"6":{"start":{"line":7,"column":0},"end":{"line":7,"column":50}},"7":{"start":{"line":9,"column":0},"end":{"line":44,"column":2}},"8":{"start":{"line":11,"column":24},"end":{"line":27,"column":6}},"9":{"start":{"line":13,"column":35},"end":{"line":13,"column":79}},"10":{"start":{"line":14,"column":12},"end":{"line":22,"column":13}},"11":{"start":{"line":15,"column":16},"end":{"line":15,"column":37}},"12":{"start":{"line":17,"column":16},"end":{"line":21,"column":17}},"13":{"start":{"line":18,"column":20},"end":{"line":18,"column":41}},"14":{"start":{"line":20,"column":20},"end":{"line":20,"column":63}},"15":{"start":{"line":29,"column":4},"end":{"line":35,"column":7}},"16":{"start":{"line":36,"column":4},"end":{"line":36,"column":31}},"17":{"start":{"line":37,"column":4},"end":{"line":37,"column":28}},"18":{"start":{"line":38,"column":4},"end":{"line":38,"column":52}},"19":{"start":{"line":39,"column":4},"end":{"line":39,"column":28}},"20":{"start":{"line":40,"column":4},"end":{"line":40,"column":27}},"21":{"start":{"line":41,"column":4},"end":{"line":41,"column":25}},"22":{"start":{"line":42,"column":4},"end":{"line":42,"column":27}},"23":{"start":{"line":43,"column":4},"end":{"line":43,"column":32}}},"fnMap":{"0":{"name":"(anonymous_1)","decl":{"start":{"line":9,"column":15},"end":{"line":9,"column":16}},"loc":{"start":{"line":9,"column":36},"end":{"line":44,"column":1}}},"1":{"name":"(anonymous_2)","decl":{"start":{"line":12,"column":16},"end":{"line":12,"column":17}},"loc":{"start":{"line":12,"column":105},"end":{"line":23,"column":9}}}},"branchMap":{"0":{"loc":{"start":{"line":13,"column":35},"end":{"line":13,"column":79}},"type":"binary-expr","locations":[{"start":{"line":13,"column":35},"end":{"line":13,"column":73}},{"start":{"line":13,"column":77},"end":{"line":13,"column":79}}]},"1":{"loc":{"start":{"line":14,"column":12},"end":{"line":22,"column":13}},"type":"if","locations":[{"start":{"line":14,"column":12},"end":{"line":22,"column":13}},{"start":{"line":16,"column":19},"end":{"line":22,"column":13}}]},"2":{"loc":{"start":{"line":17,"column":16},"end":{"line":21,"column":17}},"type":"if","locations":[{"start":{"line":17,"column":16},"end":{"line":21,"column":17}},{"start":{"line":19,"column":23},"end":{"line":21,"column":17}}]},"3":{"loc":{"start":{"line":17,"column":20},"end":{"line":17,"column":61}},"type":"binary-expr","locations":[{"start":{"line":17,"column":20},"end":{"line":17,"column":26}},{"start":{"line":17,"column":30},"end":{"line":17,"column":61}}]}},"s":{"0":4,"1":4,"2":4,"3":4,"4":4,"5":4,"6":4,"7":4,"8":4,"9":71,"10":71,"11":71,"12":0,"13":0,"14":0,"15":4,"16":4,"17":4,"18":4,"19":4,"20":4,"21":4,"22":4,"23":4},"f":{"0":4,"1":71},"b":{"0":[71,71],"1":[71,0],"2":[0,0],"3":[0,0]}}
,"/Users/bnj02/Downloads/TestFolder/expense-tracker-api/server/src/controllers/authController.ts": {"path":"/Users/bnj02/Downloads/TestFolder/expense-tracker-api/server/src/controllers/authController.ts","statementMap":{"0":{"start":{"line":2,"column":0},"end":{"line":2,"column":31}},"1":{"start":{"line":3,"column":0},"end":{"line":3,"column":39}},"2":{"start":{"line":4,"column":0},"end":{"line":4,"column":28}},"3":{"start":{"line":6,"column":0},"end":{"line":6,"column":55}},"4":{"start":{"line":7,"column":0},"end":{"line":7,"column":45}},"5":{"start":{"line":9,"column":0},"end":{"line":9,"column":16}},"6":{"start":{"line":11,"column":22},"end":{"line":15,"column":null}},"7":{"start":{"line":17,"column":22},"end":{"line":19,"column":1}},"8":{"start":{"line":18,"column":2},"end":{"line":18,"column":89}},"9":{"start":{"line":21,"column":13},"end":{"line":39,"column":3}},"10":{"start":{"line":22,"column":36},"end":{"line":22,"column":44}},"11":{"start":{"line":24,"column":2},"end":{"line":26,"column":3}},"12":{"start":{"line":25,"column":4},"end":{"line":25,"column":55}},"13":{"start":{"line":28,"column":23},"end":{"line":28,"column":52}},"14":{"start":{"line":29,"column":2},"end":{"line":31,"column":3}},"15":{"start":{"line":30,"column":4},"end":{"line":30,"column":51}},"16":{"start":{"line":33,"column":15},"end":{"line":33,"column":50}},"17":{"start":{"line":34,"column":2},"end":{"line":34,"column":20}},"18":{"start":{"line":36,"column":16},"end":{"line":36,"column":38}},"19":{"start":{"line":37,"column":2},"end":{"line":37,"column":44}},"20":{"start":{"line":38,"column":2},"end":{"line":38,"column":70}},"21":{"start":{"line":41,"column":13},"end":{"line":54,"column":3}},"22":{"start":{"line":42,"column":30},"end":{"line":42,"column":38}},"23":{"start":{"line":44,"column":2},"end":{"line":46,"column":3}},"24":{"start":{"line":45,"column":4},"end":{"line":45,"column":55}},"25":{"start":{"line":48,"column":15},"end":{"line":48,"column":44}},"26":{"start":{"line":49,"column":2},"end":{"line":51,"column":3}},"27":{"start":{"line":50,"column":4},"end":{"line":50,"column":57}},"28":{"start":{"line":52,"column":16},"end":{"line":52,"column":38}},"29":{"start":{"line":53,"column":2},"end":{"line":53,"column":93}},"30":{"start":{"line":56,"column":13},"end":{"line":62,"column":3}},"31":{"start":{"line":57,"column":15},"end":{"line":57,"column":23}},"32":{"start":{"line":58,"column":2},"end":{"line":60,"column":3}},"33":{"start":{"line":59,"column":4},"end":{"line":59,"column":49}},"34":{"start":{"line":61,"column":2},"end":{"line":61,"column":29}},"35":{"start":{"line":64,"column":13},"end":{"line":68,"column":3}},"36":{"start":{"line":65,"column":36},"end":{"line":65,"column":44}},"37":{"start":{"line":66,"column":15},"end":{"line":66,"column":99}},"38":{"start":{"line":67,"column":2},"end":{"line":67,"column":29}}},"fnMap":{"0":{"name":"(anonymous_1)","decl":{"start":{"line":17,"column":22},"end":{"line":17,"column":23}},"loc":{"start":{"line":17,"column":49},"end":{"line":19,"column":1}}},"1":{"name":"(anonymous_2)","decl":{"start":{"line":21,"column":35},"end":{"line":21,"column":40}},"loc":{"start":{"line":21,"column":88},"end":{"line":39,"column":1}}},"2":{"name":"(anonymous_3)","decl":{"start":{"line":41,"column":32},"end":{"line":41,"column":37}},"loc":{"start":{"line":41,"column":85},"end":{"line":54,"column":1}}},"3":{"name":"(anonymous_4)","decl":{"start":{"line":56,"column":41},"end":{"line":56,"column":46}},"loc":{"start":{"line":56,"column":110},"end":{"line":62,"column":1}}},"4":{"name":"(anonymous_5)","decl":{"start":{"line":64,"column":44},"end":{"line":64,"column":49}},"loc":{"start":{"line":64,"column":113},"end":{"line":68,"column":1}}}},"branchMap":{"0":{"loc":{"start":{"line":24,"column":2},"end":{"line":26,"column":3}},"type":"if","locations":[{"start":{"line":24,"column":2},"end":{"line":26,"column":3}}]},"1":{"loc":{"start":{"line":24,"column":6},"end":{"line":24,"column":34}},"type":"binary-expr","locations":[{"start":{"line":24,"column":6},"end":{"line":24,"column":11}},{"start":{"line":24,"column":15},"end":{"line":24,"column":21}},{"start":{"line":24,"column":25},"end":{"line":24,"column":34}}]},"2":{"loc":{"start":{"line":29,"column":2},"end":{"line":31,"column":3}},"type":"if","locations":[{"start":{"line":29,"column":2},"end":{"line":31,"column":3}}]},"3":{"loc":{"start":{"line":44,"column":2},"end":{"line":46,"column":3}},"type":"if","locations":[{"start":{"line":44,"column":2},"end":{"line":46,"column":3}}]},"4":{"loc":{"start":{"line":44,"column":6},"end":{"line":44,"column":25}},"type":"binary-expr","locations":[{"start":{"line":44,"column":6},"end":{"line":44,"column":12}},{"start":{"line":44,"column":16},"end":{"line":44,"column":25}}]},"5":{"loc":{"start":{"line":49,"column":2},"end":{"line":51,"column":3}},"type":"if","locations":[{"start":{"line":49,"column":2},"end":{"line":51,"column":3}}]},"6":{"loc":{"start":{"line":49,"column":6},"end":{"line":49,"column":54}},"type":"binary-expr","locations":[{"start":{"line":49,"column":6},"end":{"line":49,"column":11}},{"start":{"line":49,"column":15},"end":{"line":49,"column":54}}]},"7":{"loc":{"start":{"line":58,"column":2},"end":{"line":60,"column":3}},"type":"if","locations":[{"start":{"line":58,"column":2},"end":{"line":60,"column":3}}]}},"s":{"0":4,"1":4,"2":4,"3":4,"4":4,"5":4,"6":4,"7":4,"8":5,"9":4,"10":5,"11":5,"12":0,"13":5,"14":5,"15":1,"16":4,"17":4,"18":4,"19":4,"20":4,"21":4,"22":2,"23":2,"24":0,"25":2,"26":2,"27":1,"28":1,"29":1,"30":4,"31":1,"32":1,"33":0,"34":1,"35":4,"36":1,"37":1,"38":1},"f":{"0":5,"1":5,"2":2,"3":1,"4":1},"b":{"0":[0],"1":[5,5,5],"2":[1],"3":[0],"4":[2,2],"5":[1],"6":[2,2],"7":[0]}}
,"/Users/bnj02/Downloads/TestFolder/expense-tracker-api/server/src/controllers/expenseController.ts": {"path":"/Users/bnj02/Downloads/TestFolder/expense-tracker-api/server/src/controllers/expenseController.ts","statementMap":{"0":{"start":{"line":3,"column":0},"end":{"line":3,"column":45}},"1":{"start":{"line":4,"column":0},"end":{"line":4,"column":32}},"2":{"start":{"line":5,"column":0},"end":{"line":5,"column":45}},"3":{"start":{"line":6,"column":0},"end":{"line":6,"column":55}},"4":{"start":{"line":8,"column":13},"end":{"line":11,"column":3}},"5":{"start":{"line":9,"column":19},"end":{"line":9,"column":85}},"6":{"start":{"line":10,"column":2},"end":{"line":10,"column":37}},"7":{"start":{"line":13,"column":13},"end":{"line":19,"column":3}},"8":{"start":{"line":14,"column":18},"end":{"line":14,"column":85}},"9":{"start":{"line":15,"column":2},"end":{"line":17,"column":3}},"10":{"start":{"line":16,"column":4},"end":{"line":16,"column":49}},"11":{"start":{"line":18,"column":2},"end":{"line":18,"column":36}},"12":{"start":{"line":21,"column":13},"end":{"line":41,"column":3}},"13":{"start":{"line":22,"column":33},"end":{"line":22,"column":42}},"14":{"start":{"line":24,"column":2},"end":{"line":26,"column":3}},"15":{"start":{"line":25,"column":4},"end":{"line":25,"column":85}},"16":{"start":{"line":28,"column":16},"end":{"line":28,"column":45}},"17":{"start":{"line":29,"column":14},"end":{"line":29,"column":41}},"18":{"start":{"line":31,"column":2},"end":{"line":33,"column":3}},"19":{"start":{"line":32,"column":4},"end":{"line":32,"column":67}},"20":{"start":{"line":35,"column":19},"end":{"line":38,"column":26}},"21":{"start":{"line":40,"column":2},"end":{"line":40,"column":33}},"22":{"start":{"line":43,"column":13},"end":{"line":51,"column":3}},"23":{"start":{"line":44,"column":37},"end":{"line":44,"column":45}},"24":{"start":{"line":45,"column":2},"end":{"line":47,"column":3}},"25":{"start":{"line":46,"column":4},"end":{"line":46,"column":55}},"26":{"start":{"line":48,"column":18},"end":{"line":48,"column":79}},"27":{"start":{"line":49,"column":2},"end":{"line":49,"column":23}},"28":{"start":{"line":50,"column":2},"end":{"line":50,"column":36}},"29":{"start":{"line":53,"column":13},"end":{"line":63,"column":3}},"30":{"start":{"line":54,"column":37},"end":{"line":54,"column":45}},"31":{"start":{"line":55,"column":2},"end":{"line":57,"column":3}},"32":{"start":{"line":56,"column":4},"end":{"line":56,"column":105}},"33":{"start":{"line":58,"column":18},"end":{"line":58,"column":137}},"34":{"start":{"line":59,"column":2},"end":{"line":61,"column":3}},"35":{"start":{"line":60,"column":4},"end":{"line":60,"column":49}},"36":{"start":{"line":62,"column":2},"end":{"line":62,"column":36}},"37":{"start":{"line":65,"column":13},"end":{"line":71,"column":3}},"38":{"start":{"line":66,"column":18},"end":{"line":66,"column":94}},"39":{"start":{"line":67,"column":2},"end":{"line":69,"column":3}},"40":{"start":{"line":68,"column":4},"end":{"line":68,"column":49}},"41":{"start":{"line":70,"column":2},"end":{"line":70,"column":36}}},"fnMap":{"0":{"name":"(anonymous_1)","decl":{"start":{"line":8,"column":38},"end":{"line":8,"column":43}},"loc":{"start":{"line":8,"column":107},"end":{"line":11,"column":1}}},"1":{"name":"(anonymous_2)","decl":{"start":{"line":13,"column":41},"end":{"line":13,"column":46}},"loc":{"start":{"line":13,"column":109},"end":{"line":19,"column":1}}},"2":{"name":"(anonymous_3)","decl":{"start":{"line":21,"column":46},"end":{"line":21,"column":51}},"loc":{"start":{"line":21,"column":115},"end":{"line":41,"column":1}}},"3":{"name":"(anonymous_4)","decl":{"start":{"line":43,"column":40},"end":{"line":43,"column":45}},"loc":{"start":{"line":43,"column":109},"end":{"line":51,"column":1}}},"4":{"name":"(anonymous_5)","decl":{"start":{"line":53,"column":40},"end":{"line":53,"column":45}},"loc":{"start":{"line":53,"column":109},"end":{"line":63,"column":1}}},"5":{"name":"(anonymous_6)","decl":{"start":{"line":65,"column":40},"end":{"line":65,"column":45}},"loc":{"start":{"line":65,"column":109},"end":{"line":71,"column":1}}}},"branchMap":{"0":{"loc":{"start":{"line":15,"column":2},"end":{"line":17,"column":3}},"type":"if","locations":[{"start":{"line":15,"column":2},"end":{"line":17,"column":3}}]},"1":{"loc":{"start":{"line":24,"column":2},"end":{"line":26,"column":3}},"type":"if","locations":[{"start":{"line":24,"column":2},"end":{"line":26,"column":3}}]},"2":{"loc":{"start":{"line":24,"column":6},"end":{"line":24,"column":28}},"type":"binary-expr","locations":[{"start":{"line":24,"column":6},"end":{"line":24,"column":16}},{"start":{"line":24,"column":20},"end":{"line":24,"column":28}}]},"3":{"loc":{"start":{"line":31,"column":2},"end":{"line":33,"column":3}},"type":"if","locations":[{"start":{"line":31,"column":2},"end":{"line":33,"column":3}}]},"4":{"loc":{"start":{"line":31,"column":6},"end":{"line":31,"column":52}},"type":"binary-expr","locations":[{"start":{"line":31,"column":6},"end":{"line":31,"column":28}},{"start":{"line":31,"column":32},"end":{"line":31,"column":52}}]},"5":{"loc":{"start":{"line":45,"column":2},"end":{"line":47,"column":3}},"type":"if","locations":[{"start":{"line":45,"column":2},"end":{"line":47,"column":3}}]},"6":{"loc":{"start":{"line":45,"column":6},"end":{"line":45,"column":35}},"type":"binary-expr","locations":[{"start":{"line":45,"column":6},"end":{"line":45,"column":15}},{"start":{"line":45,"column":19},"end":{"line":45,"column":26}},{"start":{"line":45,"column":30},"end":{"line":45,"column":35}}]},"7":{"loc":{"start":{"line":55,"column":2},"end":{"line":57,"column":3}},"type":"if","locations":[{"start":{"line":55,"column":2},"end":{"line":57,"column":3}}]},"8":{"loc":{"start":{"line":55,"column":6},"end":{"line":55,"column":35}},"type":"binary-expr","locations":[{"start":{"line":55,"column":6},"end":{"line":55,"column":15}},{"start":{"line":55,"column":19},"end":{"line":55,"column":26}},{"start":{"line":55,"column":30},"end":{"line":55,"column":35}}]},"9":{"loc":{"start":{"line":59,"column":2},"end":{"line":61,"column":3}},"type":"if","locations":[{"start":{"line":59,"column":2},"end":{"line":61,"column":3}}]},"10":{"loc":{"start":{"line":67,"column":2},"end":{"line":69,"column":3}},"type":"if","locations":[{"start":{"line":67,"column":2},"end":{"line":69,"column":3}}]}},"s":{"0":4,"1":4,"2":4,"3":4,"4":4,"5":1,"6":1,"7":4,"8":2,"9":2,"10":1,"11":1,"12":4,"13":1,"14":1,"15":0,"16":1,"17":1,"18":1,"19":0,"20":1,"21":0,"22":4,"23":6,"24":6,"25":0,"26":6,"27":6,"28":6,"29":4,"30":3,"31":3,"32":1,"33":2,"34":2,"35":1,"36":1,"37":4,"38":2,"39":2,"40":1,"41":1},"f":{"0":1,"1":2,"2":1,"3":6,"4":3,"5":2},"b":{"0":[1],"1":[0],"2":[1,1],"3":[0],"4":[1,1],"5":[0],"6":[6,6,6],"7":[1],"8":[3,1,1],"9":[1],"10":[1]}}
,"/Users/bnj02/Downloads/TestFolder/expense-tracker-api/server/src/controllers/healthController.ts": {"path":"/Users/bnj02/Downloads/TestFolder/expense-tracker-api/server/src/controllers/healthController.ts","statementMap":{"0":{"start":{"line":3,"column":27},"end":{"line":5,"column":1}},"1":{"start":{"line":4,"column":2},"end":{"line":4,"column":67}},"2":{"start":{"line":3,"column":13},"end":{"line":3,"column":27}}},"fnMap":{"0":{"name":"(anonymous_0)","decl":{"start":{"line":3,"column":27},"end":{"line":3,"column":28}},"loc":{"start":{"line":3,"column":65},"end":{"line":5,"column":1}}}},"branchMap":{},"s":{"0":4,"1":0,"2":4},"f":{"0":0},"b":{}}
,"/Users/bnj02/Downloads/TestFolder/expense-tracker-api/server/src/controllers/incomeController.ts": {"path":"/Users/bnj02/Downloads/TestFolder/expense-tracker-api/server/src/controllers/incomeController.ts","statementMap":{"0":{"start":{"line":2,"column":0},"end":{"line":2,"column":43}},"1":{"start":{"line":4,"column":0},"end":{"line":4,"column":32}},"2":{"start":{"line":5,"column":0},"end":{"line":5,"column":45}},"3":{"start":{"line":6,"column":0},"end":{"line":6,"column":55}},"4":{"start":{"line":8,"column":13},"end":{"line":11,"column":3}},"5":{"start":{"line":9,"column":18},"end":{"line":9,"column":61}},"6":{"start":{"line":10,"column":2},"end":{"line":10,"column":36}},"7":{"start":{"line":13,"column":13},"end":{"line":19,"column":3}},"8":{"start":{"line":14,"column":17},"end":{"line":14,"column":83}},"9":{"start":{"line":15,"column":2},"end":{"line":17,"column":3}},"10":{"start":{"line":16,"column":4},"end":{"line":16,"column":48}},"11":{"start":{"line":18,"column":2},"end":{"line":18,"column":35}},"12":{"start":{"line":21,"column":13},"end":{"line":40,"column":3}},"13":{"start":{"line":22,"column":33},"end":{"line":22,"column":42}},"14":{"start":{"line":23,"column":2},"end":{"line":25,"column":3}},"15":{"start":{"line":24,"column":4},"end":{"line":24,"column":85}},"16":{"start":{"line":27,"column":16},"end":{"line":27,"column":45}},"17":{"start":{"line":28,"column":14},"end":{"line":28,"column":41}},"18":{"start":{"line":30,"column":2},"end":{"line":32,"column":3}},"19":{"start":{"line":31,"column":4},"end":{"line":31,"column":67}},"20":{"start":{"line":34,"column":18},"end":{"line":37,"column":26}},"21":{"start":{"line":39,"column":2},"end":{"line":39,"column":32}},"22":{"start":{"line":42,"column":13},"end":{"line":53,"column":3}},"23":{"start":{"line":43,"column":46},"end":{"line":43,"column":54}},"24":{"start":{"line":44,"column":2},"end":{"line":46,"column":3}},"25":{"start":{"line":45,"column":4},"end":{"line":45,"column":68}},"26":{"start":{"line":47,"column":2},"end":{"line":49,"column":3}},"27":{"start":{"line":47,"column":52},"end":{"line":47,"column":67}},"28":{"start":{"line":48,"column":4},"end":{"line":48,"column":83}},"29":{"start":{"line":50,"column":17},"end":{"line":50,"column":86}},"30":{"start":{"line":51,"column":2},"end":{"line":51,"column":22}},"31":{"start":{"line":52,"column":2},"end":{"line":52,"column":35}},"32":{"start":{"line":55,"column":13},"end":{"line":65,"column":3}},"33":{"start":{"line":56,"column":46},"end":{"line":56,"column":54}},"34":{"start":{"line":57,"column":2},"end":{"line":59,"column":3}},"35":{"start":{"line":58,"column":4},"end":{"line":58,"column":114}},"36":{"start":{"line":60,"column":17},"end":{"line":60,"column":144}},"37":{"start":{"line":61,"column":2},"end":{"line":63,"column":3}},"38":{"start":{"line":62,"column":4},"end":{"line":62,"column":48}},"39":{"start":{"line":64,"column":2},"end":{"line":64,"column":35}},"40":{"start":{"line":67,"column":13},"end":{"line":73,"column":3}},"41":{"start":{"line":68,"column":17},"end":{"line":68,"column":92}},"42":{"start":{"line":69,"column":2},"end":{"line":71,"column":3}},"43":{"start":{"line":70,"column":4},"end":{"line":70,"column":48}},"44":{"start":{"line":72,"column":2},"end":{"line":72,"column":35}}},"fnMap":{"0":{"name":"(anonymous_1)","decl":{"start":{"line":8,"column":37},"end":{"line":8,"column":42}},"loc":{"start":{"line":8,"column":106},"end":{"line":11,"column":1}}},"1":{"name":"(anonymous_2)","decl":{"start":{"line":13,"column":40},"end":{"line":13,"column":45}},"loc":{"start":{"line":13,"column":129},"end":{"line":19,"column":1}}},"2":{"name":"(anonymous_3)","decl":{"start":{"line":21,"column":44},"end":{"line":21,"column":49}},"loc":{"start":{"line":21,"column":113},"end":{"line":40,"column":1}}},"3":{"name":"(anonymous_4)","decl":{"start":{"line":42,"column":39},"end":{"line":42,"column":44}},"loc":{"start":{"line":42,"column":108},"end":{"line":53,"column":1}}},"4":{"name":"(anonymous_5)","decl":{"start":{"line":47,"column":47},"end":{"line":47,"column":48}},"loc":{"start":{"line":47,"column":52},"end":{"line":47,"column":67}}},"5":{"name":"(anonymous_6)","decl":{"start":{"line":55,"column":39},"end":{"line":55,"column":44}},"loc":{"start":{"line":55,"column":108},"end":{"line":65,"column":1}}},"6":{"name":"(anonymous_7)","decl":{"start":{"line":67,"column":39},"end":{"line":67,"column":44}},"loc":{"start":{"line":67,"column":108},"end":{"line":73,"column":1}}}},"branchMap":{"0":{"loc":{"start":{"line":15,"column":2},"end":{"line":17,"column":3}},"type":"if","locations":[{"start":{"line":15,"column":2},"end":{"line":17,"column":3}}]},"1":{"loc":{"start":{"line":23,"column":2},"end":{"line":25,"column":3}},"type":"if","locations":[{"start":{"line":23,"column":2},"end":{"line":25,"column":3}}]},"2":{"loc":{"start":{"line":23,"column":7},"end":{"line":23,"column":29}},"type":"binary-expr","locations":[{"start":{"line":23,"column":7},"end":{"line":23,"column":17}},{"start":{"line":23,"column":21},"end":{"line":23,"column":29}}]},"3":{"loc":{"start":{"line":30,"column":2},"end":{"line":32,"column":3}},"type":"if","locations":[{"start":{"line":30,"column":2},"end":{"line":32,"column":3}}]},"4":{"loc":{"start":{"line":30,"column":6},"end":{"line":30,"column":52}},"type":"binary-expr","locations":[{"start":{"line":30,"column":6},"end":{"line":30,"column":28}},{"start":{"line":30,"column":32},"end":{"line":30,"column":52}}]},"5":{"loc":{"start":{"line":44,"column":2},"end":{"line":46,"column":3}},"type":"if","locations":[{"start":{"line":44,"column":2},"end":{"line":46,"column":3}}]},"6":{"loc":{"start":{"line":44,"column":6},"end":{"line":44,"column":33}},"type":"binary-expr","locations":[{"start":{"line":44,"column":6},"end":{"line":44,"column":13}},{"start":{"line":44,"column":17},"end":{"line":44,"column":24}},{"start":{"line":44,"column":28},"end":{"line":44,"column":33}}]},"7":{"loc":{"start":{"line":47,"column":2},"end":{"line":49,"column":3}},"type":"if","locations":[{"start":{"line":47,"column":2},"end":{"line":49,"column":3}}]},"8":{"loc":{"start":{"line":47,"column":6},"end":{"line":47,"column":68}},"type":"binary-expr","locations":[{"start":{"line":47,"column":6},"end":{"line":47,"column":15}},{"start":{"line":47,"column":19},"end":{"line":47,"column":68}}]},"9":{"loc":{"start":{"line":57,"column":2},"end":{"line":59,"column":3}},"type":"if","locations":[{"start":{"line":57,"column":2},"end":{"line":59,"column":3}}]},"10":{"loc":{"start":{"line":57,"column":6},"end":{"line":57,"column":47}},"type":"binary-expr","locations":[{"start":{"line":57,"column":6},"end":{"line":57,"column":13}},{"start":{"line":57,"column":17},"end":{"line":57,"column":24}},{"start":{"line":57,"column":28},"end":{"line":57,"column":33}},{"start":{"line":57,"column":37},"end":{"line":57,"column":47}}]},"11":{"loc":{"start":{"line":61,"column":2},"end":{"line":63,"column":3}},"type":"if","locations":[{"start":{"line":61,"column":2},"end":{"line":63,"column":3}}]},"12":{"loc":{"start":{"line":69,"column":2},"end":{"line":71,"column":3}},"type":"if","locations":[{"start":{"line":69,"column":2},"end":{"line":71,"column":3}}]}},"s":{"0":4,"1":4,"2":4,"3":4,"4":4,"5":1,"6":1,"7":4,"8":2,"9":2,"10":1,"11":1,"12":4,"13":2,"14":2,"15":0,"16":2,"17":2,"18":2,"19":0,"20":2,"21":0,"22":4,"23":7,"24":7,"25":0,"26":7,"27":6,"28":0,"29":7,"30":7,"31":7,"32":4,"33":3,"34":3,"35":1,"36":2,"37":2,"38":1,"39":1,"40":4,"41":2,"42":2,"43":1,"44":1},"f":{"0":1,"1":2,"2":2,"3":7,"4":6,"5":3,"6":2},"b":{"0":[1],"1":[0],"2":[2,2],"3":[0],"4":[2,2],"5":[0],"6":[7,7,7],"7":[0],"8":[7,6],"9":[1],"10":[3,1,1,1],"11":[1],"12":[1]}}
,"/Users/bnj02/Downloads/TestFolder/expense-tracker-api/server/src/controllers/savingsController.ts": {"path":"/Users/bnj02/Downloads/TestFolder/expense-tracker-api/server/src/controllers/savingsController.ts","statementMap":{"0":{"start":{"line":3,"column":0},"end":{"line":3,"column":43}},"1":{"start":{"line":4,"column":0},"end":{"line":4,"column":45}},"2":{"start":{"line":5,"column":0},"end":{"line":5,"column":32}},"3":{"start":{"line":6,"column":0},"end":{"line":6,"column":45}},"4":{"start":{"line":9,"column":13},"end":{"line":68,"column":3}},"5":{"start":{"line":10,"column":33},"end":{"line":10,"column":42}},"6":{"start":{"line":12,"column":2},"end":{"line":14,"column":3}},"7":{"start":{"line":13,"column":4},"end":{"line":13,"column":77}},"8":{"start":{"line":16,"column":16},"end":{"line":16,"column":45}},"9":{"start":{"line":17,"column":14},"end":{"line":17,"column":41}},"10":{"start":{"line":19,"column":2},"end":{"line":21,"column":3}},"11":{"start":{"line":20,"column":4},"end":{"line":20,"column":59}},"12":{"start":{"line":23,"column":2},"end":{"line":23,"column":32}},"13":{"start":{"line":25,"column":17},"end":{"line":25,"column":86}},"14":{"start":{"line":27,"column":28},"end":{"line":40,"column":4}},"15":{"start":{"line":42,"column":22},"end":{"line":42,"column":60}},"16":{"start":{"line":44,"column":30},"end":{"line":57,"column":4}},"17":{"start":{"line":59,"column":24},"end":{"line":59,"column":66}},"18":{"start":{"line":61,"column":18},"end":{"line":61,"column":45}},"19":{"start":{"line":63,"column":2},"end":{"line":67,"column":5}}},"fnMap":{"0":{"name":"(anonymous_1)","decl":{"start":{"line":9,"column":43},"end":{"line":9,"column":48}},"loc":{"start":{"line":9,"column":97},"end":{"line":68,"column":1}}}},"branchMap":{"0":{"loc":{"start":{"line":12,"column":2},"end":{"line":14,"column":3}},"type":"if","locations":[{"start":{"line":12,"column":2},"end":{"line":14,"column":3}}]},"1":{"loc":{"start":{"line":12,"column":6},"end":{"line":12,"column":28}},"type":"binary-expr","locations":[{"start":{"line":12,"column":6},"end":{"line":12,"column":16}},{"start":{"line":12,"column":20},"end":{"line":12,"column":28}}]},"2":{"loc":{"start":{"line":19,"column":2},"end":{"line":21,"column":3}},"type":"if","locations":[{"start":{"line":19,"column":2},"end":{"line":21,"column":3}}]},"3":{"loc":{"start":{"line":19,"column":6},"end":{"line":19,"column":52}},"type":"binary-expr","locations":[{"start":{"line":19,"column":6},"end":{"line":19,"column":28}},{"start":{"line":19,"column":32},"end":{"line":19,"column":52}}]},"4":{"loc":{"start":{"line":42,"column":22},"end":{"line":42,"column":60}},"type":"binary-expr","locations":[{"start":{"line":42,"column":22},"end":{"line":42,"column":55}},{"start":{"line":42,"column":59},"end":{"line":42,"column":60}}]},"5":{"loc":{"start":{"line":59,"column":24},"end":{"line":59,"column":66}},"type":"binary-expr","locations":[{"start":{"line":59,"column":24},"end":{"line":59,"column":61}},{"start":{"line":59,"column":65},"end":{"line":59,"column":66}}]}},"s":{"0":4,"1":4,"2":4,"3":4,"4":4,"5":1,"6":1,"7":0,"8":1,"9":1,"10":1,"11":0,"12":1,"13":1,"14":1,"15":1,"16":1,"17":1,"18":1,"19":1},"f":{"0":1},"b":{"0":[0],"1":[1,1],"2":[0],"3":[1,1],"4":[1,0],"5":[1,0]}}
,"/Users/bnj02/Downloads/TestFolder/expense-tracker-api/server/src/middlewares/authMiddleware.ts": {"path":"/Users/bnj02/Downloads/TestFolder/expense-tracker-api/server/src/middlewares/authMiddleware.ts","statementMap":{"0":{"start":{"line":1,"column":0},"end":{"line":1,"column":31}},"1":{"start":{"line":2,"column":0},"end":{"line":2,"column":39}},"2":{"start":{"line":12,"column":23},"end":{"line":33,"column":1}},"3":{"start":{"line":13,"column":2},"end":{"line":32,"column":3}},"4":{"start":{"line":15,"column":18},"end":{"line":15,"column":58}},"5":{"start":{"line":16,"column":4},"end":{"line":19,"column":5}},"6":{"start":{"line":17,"column":6},"end":{"line":17,"column":77}},"7":{"start":{"line":18,"column":6},"end":{"line":18,"column":13}},"8":{"start":{"line":22,"column":20},"end":{"line":22,"column":78}},"9":{"start":{"line":23,"column":17},"end":{"line":23,"column":68}},"10":{"start":{"line":24,"column":4},"end":{"line":27,"column":5}},"11":{"start":{"line":25,"column":6},"end":{"line":25,"column":56}},"12":{"start":{"line":26,"column":6},"end":{"line":26,"column":13}},"13":{"start":{"line":28,"column":4},"end":{"line":28,"column":20}},"14":{"start":{"line":29,"column":4},"end":{"line":29,"column":11}},"15":{"start":{"line":31,"column":4},"end":{"line":31,"column":53}},"16":{"start":{"line":12,"column":13},"end":{"line":12,"column":23}}},"fnMap":{"0":{"name":"(anonymous_1)","decl":{"start":{"line":12,"column":23},"end":{"line":12,"column":28}},"loc":{"start":{"line":12,"column":112},"end":{"line":33,"column":1}}}},"branchMap":{"0":{"loc":{"start":{"line":16,"column":4},"end":{"line":19,"column":5}},"type":"if","locations":[{"start":{"line":16,"column":4},"end":{"line":19,"column":5}}]},"1":{"loc":{"start":{"line":24,"column":4},"end":{"line":27,"column":5}},"type":"if","locations":[{"start":{"line":24,"column":4},"end":{"line":27,"column":5}}]}},"s":{"0":4,"1":4,"2":4,"3":59,"4":59,"5":59,"6":2,"7":2,"8":57,"9":54,"10":54,"11":0,"12":0,"13":54,"14":54,"15":3,"16":4},"f":{"0":59},"b":{"0":[2],"1":[0]}}
,"/Users/bnj02/Downloads/TestFolder/expense-tracker-api/server/src/middlewares/errorHandler.ts": {"path":"/Users/bnj02/Downloads/TestFolder/expense-tracker-api/server/src/middlewares/errorHandler.ts","statementMap":{"0":{"start":{"line":2,"column":0},"end":{"line":2,"column":37}},"1":{"start":{"line":7,"column":4},"end":{"line":7,"column":19}},"2":{"start":{"line":8,"column":4},"end":{"line":8,"column":33}},"3":{"start":{"line":25,"column":9},"end":{"line":25,"column":17}},"4":{"start":{"line":12,"column":21},"end":{"line":23,"column":1}},"5":{"start":{"line":13,"column":2},"end":{"line":13,"column":27}},"6":{"start":{"line":13,"column":12},"end":{"line":13,"column":27}},"7":{"start":{"line":14,"column":21},"end":{"line":14,"column":42}},"8":{"start":{"line":15,"column":2},"end":{"line":21,"column":5}},"9":{"start":{"line":22,"column":2},"end":{"line":22,"column":81}},"10":{"start":{"line":25,"column":19},"end":{"line":25,"column":31}}},"fnMap":{"0":{"name":"(anonymous_1)","decl":{"start":{"line":6,"column":2},"end":{"line":6,"column":14}},"loc":{"start":{"line":6,"column":49},"end":{"line":9,"column":3}}},"1":{"name":"(anonymous_2)","decl":{"start":{"line":12,"column":21},"end":{"line":12,"column":22}},"loc":{"start":{"line":12,"column":89},"end":{"line":23,"column":1}}}},"branchMap":{"0":{"loc":{"start":{"line":13,"column":2},"end":{"line":13,"column":27}},"type":"if","locations":[{"start":{"line":13,"column":2},"end":{"line":13,"column":27}}]},"1":{"loc":{"start":{"line":14,"column":21},"end":{"line":14,"column":42}},"type":"binary-expr","locations":[{"start":{"line":14,"column":21},"end":{"line":14,"column":35}},{"start":{"line":14,"column":39},"end":{"line":14,"column":42}}]},"2":{"loc":{"start":{"line":22,"column":39},"end":{"line":22,"column":77}},"type":"binary-expr","locations":[{"start":{"line":22,"column":39},"end":{"line":22,"column":50}},{"start":{"line":22,"column":54},"end":{"line":22,"column":77}}]}},"s":{"0":4,"1":10,"2":10,"3":4,"4":4,"5":13,"6":0,"7":13,"8":13,"9":13,"10":4},"f":{"0":10,"1":13},"b":{"0":[0],"1":[13,3],"2":[13,0]}}
,"/Users/bnj02/Downloads/TestFolder/expense-tracker-api/server/src/middlewares/logger.ts": {"path":"/Users/bnj02/Downloads/TestFolder/expense-tracker-api/server/src/middlewares/logger.ts","statementMap":{"0":{"start":{"line":1,"column":0},"end":{"line":1,"column":28}},"1":{"start":{"line":2,"column":0},"end":{"line":2,"column":20}},"2":{"start":{"line":3,"column":0},"end":{"line":3,"column":24}},"3":{"start":{"line":6,"column":18},"end":{"line":6,"column":101}},"4":{"start":{"line":9,"column":22},"end":{"line":9,"column":63}},"5":{"start":{"line":11,"column":0},"end":{"line":11,"column":29}}},"fnMap":{},"branchMap":{},"s":{"0":4,"1":4,"2":4,"3":4,"4":4,"5":4},"f":{},"b":{}}
,"/Users/bnj02/Downloads/TestFolder/expense-tracker-api/server/src/middlewares/rateLimiter.ts": {"path":"/Users/bnj02/Downloads/TestFolder/expense-tracker-api/server/src/middlewares/rateLimiter.ts","statementMap":{"0":{"start":{"line":1,"column":0},"end":{"line":1,"column":43}},"1":{"start":{"line":3,"column":13},"end":{"line":14,"column":3}},"2":{"start":{"line":10,"column":4},"end":{"line":12,"column":null}},"3":{"start":{"line":16,"column":13},"end":{"line":20,"column":null}},"4":{"start":{"line":22,"column":13},"end":{"line":26,"column":null}}},"fnMap":{"0":{"name":"(anonymous_1)","decl":{"start":{"line":9,"column":9},"end":{"line":9,"column":10}},"loc":{"start":{"line":9,"column":17},"end":{"line":13,"column":3}}}},"branchMap":{"0":{"loc":{"start":{"line":11,"column":6},"end":{"line":11,"column":91}},"type":"binary-expr","locations":[{"start":{"line":11,"column":6},"end":{"line":11,"column":45}},{"start":{"line":11,"column":49},"end":{"line":11,"column":91}}]}},"s":{"0":4,"1":4,"2":71,"3":4,"4":4},"f":{"0":71},"b":{"0":[71,67]}}
,"/Users/bnj02/Downloads/TestFolder/expense-tracker-api/server/src/middlewares/validateMiddleware.ts": {"path":"/Users/bnj02/Downloads/TestFolder/expense-tracker-api/server/src/middlewares/validateMiddleware.ts","statementMap":{"0":{"start":{"line":3,"column":0},"end":{"line":3,"column":37}},"1":{"start":{"line":5,"column":17},"end":{"line":24,"column":1}},"2":{"start":{"line":6,"column":2},"end":{"line":23,"column":4}},"3":{"start":{"line":7,"column":22},"end":{"line":7,"column":70}},"4":{"start":{"line":8,"column":4},"end":{"line":21,"column":5}},"5":{"start":{"line":9,"column":28},"end":{"line":9,"column":71}},"6":{"start":{"line":9,"column":56},"end":{"line":9,"column":70}},"7":{"start":{"line":11,"column":6},"end":{"line":17,"column":null}},"8":{"start":{"line":19,"column":6},"end":{"line":19,"column":53}},"9":{"start":{"line":20,"column":6},"end":{"line":20,"column":13}},"10":{"start":{"line":22,"column":4},"end":{"line":22,"column":11}},"11":{"start":{"line":26,"column":0},"end":{"line":26,"column":24}}},"fnMap":{"0":{"name":"(anonymous_1)","decl":{"start":{"line":5,"column":17},"end":{"line":5,"column":18}},"loc":{"start":{"line":5,"column":36},"end":{"line":24,"column":1}}},"1":{"name":"(anonymous_2)","decl":{"start":{"line":6,"column":9},"end":{"line":6,"column":10}},"loc":{"start":{"line":6,"column":67},"end":{"line":23,"column":3}}},"2":{"name":"(anonymous_3)","decl":{"start":{"line":9,"column":46},"end":{"line":9,"column":52}},"loc":{"start":{"line":9,"column":56},"end":{"line":9,"column":70}}}},"branchMap":{"0":{"loc":{"start":{"line":8,"column":4},"end":{"line":21,"column":5}},"type":"if","locations":[{"start":{"line":8,"column":4},"end":{"line":21,"column":5}}]}},"s":{"0":4,"1":4,"2":28,"3":39,"4":39,"5":12,"6":12,"7":12,"8":12,"9":12,"10":27,"11":4},"f":{"0":28,"1":39,"2":12},"b":{"0":[12]}}
,"/Users/bnj02/Downloads/TestFolder/expense-tracker-api/server/src/models/expenseModel.ts": {"path":"/Users/bnj02/Downloads/TestFolder/expense-tracker-api/server/src/models/expenseModel.ts","statementMap":{"0":{"start":{"line":1,"column":0},"end":{"line":1,"column":54}},"1":{"start":{"line":10,"column":40},"end":{"line":17,"column":null}},"2":{"start":{"line":20,"column":16},"end":{"line":20,"column":66}},"3":{"start":{"line":22,"column":0},"end":{"line":22,"column":23}}},"fnMap":{},"branchMap":{},"s":{"0":4,"1":4,"2":4,"3":4},"f":{},"b":{}}
,"/Users/bnj02/Downloads/TestFolder/expense-tracker-api/server/src/models/incomeModel.ts": {"path":"/Users/bnj02/Downloads/TestFolder/expense-tracker-api/server/src/models/incomeModel.ts","statementMap":{"0":{"start":{"line":1,"column":0},"end":{"line":1,"column":54}},"1":{"start":{"line":11,"column":38},"end":{"line":19,"column":null}},"2":{"start":{"line":22,"column":15},"end":{"line":22,"column":53}},"3":{"start":{"line":24,"column":0},"end":{"line":24,"column":22}}},"fnMap":{},"branchMap":{},"s":{"0":4,"1":4,"2":4,"3":4},"f":{},"b":{}}
,"/Users/bnj02/Downloads/TestFolder/expense-tracker-api/server/src/models/userModel.ts": {"path":"/Users/bnj02/Downloads/TestFolder/expense-tracker-api/server/src/models/userModel.ts","statementMap":{"0":{"start":{"line":1,"column":0},"end":{"line":1,"column":61}},"1":{"start":{"line":2,"column":0},"end":{"line":2,"column":28}},"2":{"start":{"line":15,"column":34},"end":{"line":23,"column":null}},"3":{"start":{"line":27,"column":0},"end":{"line":33,"column":3}},"4":{"start":{"line":28,"column":2},"end":{"line":30,"column":3}},"5":{"start":{"line":29,"column":4},"end":{"line":29,"column":18}},"6":{"start":{"line":31,"column":2},"end":{"line":31,"column":55}},"7":{"start":{"line":32,"column":2},"end":{"line":32,"column":9}},"8":{"start":{"line":36,"column":0},"end":{"line":38,"column":null}},"9":{"start":{"line":37,"column":2},"end":{"line":37,"column":58}},"10":{"start":{"line":40,"column":27},"end":{"line":40,"column":68}},"11":{"start":{"line":42,"column":0},"end":{"line":42,"column":20}}},"fnMap":{"0":{"name":"(anonymous_1)","decl":{"start":{"line":27,"column":23},"end":{"line":27,"column":28}},"loc":{"start":{"line":27,"column":43},"end":{"line":33,"column":1}}},"1":{"name":"(anonymous_2)","decl":{"start":{"line":36,"column":37},"end":{"line":36,"column":42}},"loc":{"start":{"line":36,"column":78},"end":{"line":38,"column":1}}}},"branchMap":{"0":{"loc":{"start":{"line":28,"column":2},"end":{"line":30,"column":3}},"type":"if","locations":[{"start":{"line":28,"column":2},"end":{"line":30,"column":3}}]}},"s":{"0":4,"1":4,"2":4,"3":4,"4":4,"5":0,"6":4,"7":4,"8":4,"9":2,"10":4,"11":4},"f":{"0":4,"1":2},"b":{"0":[0]}}
,"/Users/bnj02/Downloads/TestFolder/expense-tracker-api/server/src/routes/auth.ts": {"path":"/Users/bnj02/Downloads/TestFolder/expense-tracker-api/server/src/routes/auth.ts","statementMap":{"0":{"start":{"line":1,"column":0},"end":{"line":1,"column":33}},"1":{"start":{"line":2,"column":0},"end":{"line":2,"column":99}},"2":{"start":{"line":3,"column":0},"end":{"line":3,"column":56}},"3":{"start":{"line":4,"column":0},"end":{"line":4,"column":57}},"4":{"start":{"line":5,"column":0},"end":{"line":5,"column":101}},"5":{"start":{"line":6,"column":0},"end":{"line":6,"column":83}},"6":{"start":{"line":8,"column":15},"end":{"line":8,"column":23}},"7":{"start":{"line":10,"column":0},"end":{"line":10,"column":48}},"8":{"start":{"line":11,"column":0},"end":{"line":11,"column":82}},"9":{"start":{"line":12,"column":0},"end":{"line":12,"column":70}},"10":{"start":{"line":13,"column":0},"end":{"line":13,"column":90}},"11":{"start":{"line":15,"column":0},"end":{"line":15,"column":22}}},"fnMap":{},"branchMap":{},"s":{"0":4,"1":4,"2":4,"3":4,"4":4,"5":4,"6":4,"7":4,"8":4,"9":4,"10":4,"11":4},"f":{},"b":{}}
,"/Users/bnj02/Downloads/TestFolder/expense-tracker-api/server/src/routes/expense.ts": {"path":"/Users/bnj02/Downloads/TestFolder/expense-tracker-api/server/src/routes/expense.ts","statementMap":{"0":{"start":{"line":1,"column":0},"end":{"line":1,"column":33}},"1":{"start":{"line":2,"column":0},"end":{"line":2,"column":null}},"2":{"start":{"line":10,"column":0},"end":{"line":10,"column":56}},"3":{"start":{"line":11,"column":0},"end":{"line":11,"column":86}},"4":{"start":{"line":12,"column":0},"end":{"line":12,"column":57}},"5":{"start":{"line":13,"column":0},"end":{"line":13,"column":65}},"6":{"start":{"line":14,"column":0},"end":{"line":14,"column":67}},"7":{"start":{"line":15,"column":0},"end":{"line":15,"column":61}},"8":{"start":{"line":17,"column":15},"end":{"line":17,"column":23}},"9":{"start":{"line":19,"column":0},"end":{"line":19,"column":20}},"10":{"start":{"line":21,"column":0},"end":{"line":21,"column":29}},"11":{"start":{"line":22,"column":0},"end":{"line":22,"column":75}},"12":{"start":{"line":23,"column":0},"end":{"line":23,"column":53}},"13":{"start":{"line":24,"column":0},"end":{"line":24,"column":57}},"14":{"start":{"line":25,"column":0},"end":{"line":25,"column":83}},"15":{"start":{"line":26,"column":0},"end":{"line":26,"column":55}},"16":{"start":{"line":28,"column":0},"end":{"line":28,"column":22}}},"fnMap":{},"branchMap":{},"s":{"0":4,"1":4,"2":4,"3":4,"4":4,"5":4,"6":4,"7":4,"8":4,"9":4,"10":4,"11":4,"12":4,"13":4,"14":4,"15":4,"16":4},"f":{},"b":{}}
,"/Users/bnj02/Downloads/TestFolder/expense-tracker-api/server/src/routes/health.ts": {"path":"/Users/bnj02/Downloads/TestFolder/expense-tracker-api/server/src/routes/health.ts","statementMap":{"0":{"start":{"line":1,"column":0},"end":{"line":1,"column":33}},"1":{"start":{"line":2,"column":0},"end":{"line":2,"column":62}},"2":{"start":{"line":4,"column":15},"end":{"line":4,"column":23}},"3":{"start":{"line":6,"column":0},"end":{"line":6,"column":35}},"4":{"start":{"line":8,"column":0},"end":{"line":8,"column":22}}},"fnMap":{},"branchMap":{},"s":{"0":4,"1":4,"2":4,"3":4,"4":4},"f":{},"b":{}}
,"/Users/bnj02/Downloads/TestFolder/expense-tracker-api/server/src/routes/income.ts": {"path":"/Users/bnj02/Downloads/TestFolder/expense-tracker-api/server/src/routes/income.ts","statementMap":{"0":{"start":{"line":1,"column":0},"end":{"line":1,"column":33}},"1":{"start":{"line":2,"column":0},"end":{"line":2,"column":137}},"2":{"start":{"line":3,"column":0},"end":{"line":3,"column":56}},"3":{"start":{"line":4,"column":0},"end":{"line":4,"column":57}},"4":{"start":{"line":5,"column":0},"end":{"line":5,"column":83}},"5":{"start":{"line":6,"column":0},"end":{"line":6,"column":65}},"6":{"start":{"line":7,"column":0},"end":{"line":7,"column":61}},"7":{"start":{"line":8,"column":0},"end":{"line":8,"column":67}},"8":{"start":{"line":10,"column":15},"end":{"line":10,"column":23}},"9":{"start":{"line":12,"column":0},"end":{"line":12,"column":20}},"10":{"start":{"line":14,"column":0},"end":{"line":14,"column":28}},"11":{"start":{"line":15,"column":0},"end":{"line":15,"column":73}},"12":{"start":{"line":16,"column":0},"end":{"line":16,"column":52}},"13":{"start":{"line":17,"column":0},"end":{"line":17,"column":55}},"14":{"start":{"line":18,"column":0},"end":{"line":18,"column":81}},"15":{"start":{"line":19,"column":0},"end":{"line":19,"column":54}},"16":{"start":{"line":21,"column":0},"end":{"line":21,"column":22}}},"fnMap":{},"branchMap":{},"s":{"0":4,"1":4,"2":4,"3":4,"4":4,"5":4,"6":4,"7":4,"8":4,"9":4,"10":4,"11":4,"12":4,"13":4,"14":4,"15":4,"16":4},"f":{},"b":{}}
,"/Users/bnj02/Downloads/TestFolder/expense-tracker-api/server/src/routes/savings.ts": {"path":"/Users/bnj02/Downloads/TestFolder/expense-tracker-api/server/src/routes/savings.ts","statementMap":{"0":{"start":{"line":1,"column":0},"end":{"line":1,"column":33}},"1":{"start":{"line":2,"column":0},"end":{"line":2,"column":56}},"2":{"start":{"line":3,"column":0},"end":{"line":3,"column":68}},"3":{"start":{"line":4,"column":0},"end":{"line":4,"column":61}},"4":{"start":{"line":5,"column":0},"end":{"line":5,"column":67}},"5":{"start":{"line":7,"column":15},"end":{"line":7,"column":23}},"6":{"start":{"line":9,"column":0},"end":{"line":9,"column":20}},"7":{"start":{"line":11,"column":0},"end":{"line":11,"column":66}},"8":{"start":{"line":13,"column":0},"end":{"line":13,"column":22}}},"fnMap":{},"branchMap":{},"s":{"0":4,"1":4,"2":4,"3":4,"4":4,"5":4,"6":4,"7":4,"8":4},"f":{},"b":{}}
,"/Users/bnj02/Downloads/TestFolder/expense-tracker-api/server/src/utils/catchAsync.ts": {"path":"/Users/bnj02/Downloads/TestFolder/expense-tracker-api/server/src/utils/catchAsync.ts","statementMap":{"0":{"start":{"line":9,"column":19},"end":{"line":17,"column":1}},"1":{"start":{"line":10,"column":2},"end":{"line":16,"column":null}},"2":{"start":{"line":11,"column":4},"end":{"line":15,"column":5}},"3":{"start":{"line":12,"column":6},"end":{"line":12,"column":31}},"4":{"start":{"line":14,"column":6},"end":{"line":14,"column":18}},"5":{"start":{"line":19,"column":0},"end":{"line":19,"column":26}}},"fnMap":{"0":{"name":"(anonymous_0)","decl":{"start":{"line":9,"column":19},"end":{"line":9,"column":20}},"loc":{"start":{"line":9,"column":110},"end":{"line":17,"column":1}}},"1":{"name":"(anonymous_1)","decl":{"start":{"line":10,"column":9},"end":{"line":10,"column":14}},"loc":{"start":{"line":10,"column":83},"end":{"line":16,"column":3}}}},"branchMap":{},"s":{"0":4,"1":68,"2":42,"3":42,"4":13,"5":4},"f":{"0":68,"1":42},"b":{}}
,"/Users/bnj02/Downloads/TestFolder/expense-tracker-api/server/src/utils/logger.ts": {"path":"/Users/bnj02/Downloads/TestFolder/expense-tracker-api/server/src/utils/logger.ts","statementMap":{"0":{"start":{"line":1,"column":0},"end":{"line":1,"column":59}},"1":{"start":{"line":3,"column":18},"end":{"line":3,"column":49}},"2":{"start":{"line":5,"column":15},"end":{"line":17,"column":2}},"3":{"start":{"line":19,"column":0},"end":{"line":19,"column":22}}},"fnMap":{},"branchMap":{"0":{"loc":{"start":{"line":6,"column":9},"end":{"line":6,"column":39}},"type":"cond-expr","locations":[{"start":{"line":6,"column":21},"end":{"line":6,"column":29}},{"start":{"line":6,"column":32},"end":{"line":6,"column":39}}]},"1":{"loc":{"start":{"line":11,"column":14},"end":{"line":16,"column":null}},"type":"cond-expr","locations":[{"start":{"line":12,"column":6},"end":{"line":12,"column":48}},{"start":{"line":13,"column":6},"end":{"line":16,"column":null}}]}},"s":{"0":4,"1":4,"2":4,"3":4},"f":{},"b":{"0":[4,0],"1":[4,0]}}
,"/Users/bnj02/Downloads/TestFolder/expense-tracker-api/server/src/validations/authValidation.ts": {"path":"/Users/bnj02/Downloads/TestFolder/expense-tracker-api/server/src/validations/authValidation.ts","statementMap":{"0":{"start":{"line":1,"column":0},"end":{"line":1,"column":22}},"1":{"start":{"line":2,"column":0},"end":{"line":2,"column":44}},"2":{"start":{"line":4,"column":13},"end":{"line":23,"column":null}},"3":{"start":{"line":25,"column":13},"end":{"line":37,"column":null}},"4":{"start":{"line":39,"column":13},"end":{"line":49,"column":3}}},"fnMap":{},"branchMap":{},"s":{"0":4,"1":4,"2":4,"3":4,"4":4},"f":{},"b":{}}
,"/Users/bnj02/Downloads/TestFolder/expense-tracker-api/server/src/validations/expenseValidation.ts": {"path":"/Users/bnj02/Downloads/TestFolder/expense-tracker-api/server/src/validations/expenseValidation.ts","statementMap":{"0":{"start":{"line":1,"column":0},"end":{"line":1,"column":22}},"1":{"start":{"line":2,"column":0},"end":{"line":2,"column":44}},"2":{"start":{"line":4,"column":13},"end":{"line":21,"column":3}},"3":{"start":{"line":23,"column":13},"end":{"line":37,"column":3}}},"fnMap":{},"branchMap":{},"s":{"0":4,"1":4,"2":4,"3":4},"f":{},"b":{}}
,"/Users/bnj02/Downloads/TestFolder/expense-tracker-api/server/src/validations/incomeValidation.ts": {"path":"/Users/bnj02/Downloads/TestFolder/expense-tracker-api/server/src/validations/incomeValidation.ts","statementMap":{"0":{"start":{"line":1,"column":0},"end":{"line":1,"column":22}},"1":{"start":{"line":2,"column":0},"end":{"line":2,"column":44}},"2":{"start":{"line":4,"column":13},"end":{"line":25,"column":3}},"3":{"start":{"line":27,"column":13},"end":{"line":45,"column":3}}},"fnMap":{},"branchMap":{},"s":{"0":4,"1":4,"2":4,"3":4},"f":{},"b":{}}
,"/Users/bnj02/Downloads/TestFolder/expense-tracker-api/server/src/validations/validateParams.ts": {"path":"/Users/bnj02/Downloads/TestFolder/expense-tracker-api/server/src/validations/validateParams.ts","statementMap":{"0":{"start":{"line":3,"column":0},"end":{"line":3,"column":32}},"1":{"start":{"line":4,"column":0},"end":{"line":4,"column":37}},"2":{"start":{"line":6,"column":32},"end":{"line":19,"column":1}},"3":{"start":{"line":7,"column":2},"end":{"line":17,"column":3}},"4":{"start":{"line":8,"column":4},"end":{"line":14,"column":null}},"5":{"start":{"line":15,"column":4},"end":{"line":15,"column":57}},"6":{"start":{"line":16,"column":4},"end":{"line":16,"column":11}},"7":{"start":{"line":18,"column":2},"end":{"line":18,"column":9}},"8":{"start":{"line":6,"column":13},"end":{"line":6,"column":32}}},"fnMap":{"0":{"name":"(anonymous_1)","decl":{"start":{"line":6,"column":32},"end":{"line":6,"column":33}},"loc":{"start":{"line":6,"column":106},"end":{"line":19,"column":1}}}},"branchMap":{"0":{"loc":{"start":{"line":7,"column":2},"end":{"line":17,"column":3}},"type":"if","locations":[{"start":{"line":7,"column":2},"end":{"line":17,"column":3}}]}},"s":{"0":4,"1":4,"2":4,"3":20,"4":6,"5":6,"6":6,"7":14,"8":4},"f":{"0":20},"b":{"0":[6]}}
,"/Users/bnj02/Downloads/TestFolder/expense-tracker-api/server/src/validations/validateQuery.ts": {"path":"/Users/bnj02/Downloads/TestFolder/expense-tracker-api/server/src/validations/validateQuery.ts","statementMap":{"0":{"start":{"line":4,"column":0},"end":{"line":4,"column":37}},"1":{"start":{"line":6,"column":29},"end":{"line":25,"column":1}},"2":{"start":{"line":7,"column":2},"end":{"line":24,"column":null}},"3":{"start":{"line":8,"column":22},"end":{"line":8,"column":71}},"4":{"start":{"line":9,"column":4},"end":{"line":22,"column":5}},"5":{"start":{"line":10,"column":28},"end":{"line":10,"column":71}},"6":{"start":{"line":10,"column":56},"end":{"line":10,"column":70}},"7":{"start":{"line":12,"column":6},"end":{"line":18,"column":null}},"8":{"start":{"line":20,"column":6},"end":{"line":20,"column":83}},"9":{"start":{"line":20,"column":64},"end":{"line":20,"column":78}},"10":{"start":{"line":21,"column":6},"end":{"line":21,"column":13}},"11":{"start":{"line":23,"column":4},"end":{"line":23,"column":11}},"12":{"start":{"line":6,"column":13},"end":{"line":6,"column":29}}},"fnMap":{"0":{"name":"(anonymous_1)","decl":{"start":{"line":6,"column":29},"end":{"line":6,"column":30}},"loc":{"start":{"line":6,"column":58},"end":{"line":25,"column":1}}},"1":{"name":"(anonymous_2)","decl":{"start":{"line":7,"column":9},"end":{"line":7,"column":10}},"loc":{"start":{"line":7,"column":83},"end":{"line":24,"column":3}}},"2":{"name":"(anonymous_3)","decl":{"start":{"line":10,"column":46},"end":{"line":10,"column":52}},"loc":{"start":{"line":10,"column":56},"end":{"line":10,"column":70}}},"3":{"name":"(anonymous_4)","decl":{"start":{"line":20,"column":54},"end":{"line":20,"column":60}},"loc":{"start":{"line":20,"column":64},"end":{"line":20,"column":78}}}},"branchMap":{"0":{"loc":{"start":{"line":9,"column":4},"end":{"line":22,"column":5}},"type":"if","locations":[{"start":{"line":9,"column":4},"end":{"line":22,"column":5}}]}},"s":{"0":4,"1":4,"2":12,"3":10,"4":10,"5":6,"6":12,"7":6,"8":6,"9":12,"10":6,"11":4,"12":4},"f":{"0":12,"1":10,"2":12,"3":12},"b":{"0":[6]}}
,"/Users/bnj02/Downloads/TestFolder/expense-tracker-api/server/src/validations/validationMessages.ts": {"path":"/Users/bnj02/Downloads/TestFolder/expense-tracker-api/server/src/validations/validationMessages.ts","statementMap":{"0":{"start":{"line":1,"column":17},"end":{"line":15,"column":2}},"1":{"start":{"line":17,"column":0},"end":{"line":17,"column":24}}},"fnMap":{},"branchMap":{},"s":{"0":4,"1":4},"f":{},"b":{}}
,"/Users/bnj02/Downloads/TestFolder/expense-tracker-api/server/src/validations/validationSchemas.ts": {"path":"/Users/bnj02/Downloads/TestFolder/expense-tracker-api/server/src/validations/validationSchemas.ts","statementMap":{"0":{"start":{"line":1,"column":0},"end":{"line":1,"column":22}},"1":{"start":{"line":2,"column":0},"end":{"line":2,"column":44}},"2":{"start":{"line":4,"column":13},"end":{"line":15,"column":3}}},"fnMap":{},"branchMap":{},"s":{"0":4,"1":4,"2":4},"f":{},"b":{}}
}
