TN:
SF:src/index.ts
FN:30,(anonymous_1)
FN:43,(anonymous_2)
FNF:2
FNH:0
FNDA:0,(anonymous_1)
FNDA:0,(anonymous_2)
DA:1,4
DA:2,4
DA:3,4
DA:4,4
DA:5,4
DA:6,4
DA:7,4
DA:8,4
DA:9,4
DA:10,4
DA:12,4
DA:13,4
DA:15,4
DA:17,4
DA:20,4
DA:23,4
DA:24,4
DA:25,4
DA:26,4
DA:27,4
DA:30,4
DA:31,0
DA:35,4
DA:38,4
DA:41,4
DA:42,0
DA:43,0
DA:44,0
LF:28
LH:24
BRDA:12,0,0,4
BRDA:12,0,1,0
BRDA:41,1,0,0
BRDA:42,2,0,0
BRDA:42,2,1,0
BRF:5
BRH:1
end_of_record
TN:
SF:src/config/db.ts
FN:6,(anonymous_1)
FNF:1
FNH:1
FNDA:4,(anonymous_1)
DA:1,4
DA:2,4
DA:4,4
DA:6,4
DA:7,4
DA:8,4
DA:9,4
DA:10,4
DA:11,4
DA:13,0
DA:14,0
DA:18,4
LF:12
LH:10
BRF:0
BRH:0
end_of_record
TN:
SF:src/config/middleware.ts
FN:9,(anonymous_1)
FN:12,(anonymous_2)
FNF:2
FNH:2
FNDA:4,(anonymous_1)
FNDA:71,(anonymous_2)
DA:1,4
DA:2,4
DA:3,4
DA:4,4
DA:5,4
DA:6,4
DA:7,4
DA:9,4
DA:11,4
DA:13,71
DA:14,71
DA:15,71
DA:17,0
DA:18,0
DA:20,0
DA:29,4
DA:36,4
DA:37,4
DA:38,4
DA:39,4
DA:40,4
DA:41,4
DA:42,4
DA:43,4
LF:24
LH:21
BRDA:13,0,0,71
BRDA:13,0,1,71
BRDA:14,1,0,71
BRDA:14,1,1,0
BRDA:17,2,0,0
BRDA:17,2,1,0
BRDA:17,3,0,0
BRDA:17,3,1,0
BRF:8
BRH:3
end_of_record
TN:
SF:src/controllers/authController.ts
FN:17,(anonymous_1)
FN:21,(anonymous_2)
FN:41,(anonymous_3)
FN:56,(anonymous_4)
FN:64,(anonymous_5)
FNF:5
FNH:5
FNDA:5,(anonymous_1)
FNDA:5,(anonymous_2)
FNDA:2,(anonymous_3)
FNDA:1,(anonymous_4)
FNDA:1,(anonymous_5)
DA:2,4
DA:3,4
DA:4,4
DA:6,4
DA:7,4
DA:9,4
DA:11,4
DA:17,4
DA:18,5
DA:21,4
DA:22,5
DA:24,5
DA:25,0
DA:28,5
DA:29,5
DA:30,1
DA:33,4
DA:34,4
DA:36,4
DA:37,4
DA:38,4
DA:41,4
DA:42,2
DA:44,2
DA:45,0
DA:48,2
DA:49,2
DA:50,1
DA:52,1
DA:53,1
DA:56,4
DA:57,1
DA:58,1
DA:59,0
DA:61,1
DA:64,4
DA:65,1
DA:66,1
DA:67,1
LF:39
LH:36
BRDA:24,0,0,0
BRDA:24,1,0,5
BRDA:24,1,1,5
BRDA:24,1,2,5
BRDA:29,2,0,1
BRDA:44,3,0,0
BRDA:44,4,0,2
BRDA:44,4,1,2
BRDA:49,5,0,1
BRDA:49,6,0,2
BRDA:49,6,1,2
BRDA:58,7,0,0
BRF:12
BRH:9
end_of_record
TN:
SF:src/controllers/expenseController.ts
FN:8,(anonymous_1)
FN:13,(anonymous_2)
FN:21,(anonymous_3)
FN:43,(anonymous_4)
FN:53,(anonymous_5)
FN:65,(anonymous_6)
FNF:6
FNH:6
FNDA:1,(anonymous_1)
FNDA:2,(anonymous_2)
FNDA:1,(anonymous_3)
FNDA:6,(anonymous_4)
FNDA:3,(anonymous_5)
FNDA:2,(anonymous_6)
DA:3,4
DA:4,4
DA:5,4
DA:6,4
DA:8,4
DA:9,1
DA:10,1
DA:13,4
DA:14,2
DA:15,2
DA:16,1
DA:18,1
DA:21,4
DA:22,1
DA:24,1
DA:25,0
DA:28,1
DA:29,1
DA:31,1
DA:32,0
DA:35,1
DA:40,0
DA:43,4
DA:44,6
DA:45,6
DA:46,0
DA:48,6
DA:49,6
DA:50,6
DA:53,4
DA:54,3
DA:55,3
DA:56,1
DA:58,2
DA:59,2
DA:60,1
DA:62,1
DA:65,4
DA:66,2
DA:67,2
DA:68,1
DA:70,1
LF:42
LH:38
BRDA:15,0,0,1
BRDA:24,1,0,0
BRDA:24,2,0,1
BRDA:24,2,1,1
BRDA:31,3,0,0
BRDA:31,4,0,1
BRDA:31,4,1,1
BRDA:45,5,0,0
BRDA:45,6,0,6
BRDA:45,6,1,6
BRDA:45,6,2,6
BRDA:55,7,0,1
BRDA:55,8,0,3
BRDA:55,8,1,1
BRDA:55,8,2,1
BRDA:59,9,0,1
BRDA:67,10,0,1
BRF:17
BRH:14
end_of_record
TN:
SF:src/controllers/healthController.ts
FN:3,(anonymous_0)
FNF:1
FNH:0
FNDA:0,(anonymous_0)
DA:3,4
DA:4,0
LF:2
LH:1
BRF:0
BRH:0
end_of_record
TN:
SF:src/controllers/incomeController.ts
FN:8,(anonymous_1)
FN:13,(anonymous_2)
FN:21,(anonymous_3)
FN:42,(anonymous_4)
FN:47,(anonymous_5)
FN:55,(anonymous_6)
FN:67,(anonymous_7)
FNF:7
FNH:7
FNDA:1,(anonymous_1)
FNDA:2,(anonymous_2)
FNDA:2,(anonymous_3)
FNDA:7,(anonymous_4)
FNDA:6,(anonymous_5)
FNDA:3,(anonymous_6)
FNDA:2,(anonymous_7)
DA:2,4
DA:4,4
DA:5,4
DA:6,4
DA:8,4
DA:9,1
DA:10,1
DA:13,4
DA:14,2
DA:15,2
DA:16,1
DA:18,1
DA:21,4
DA:22,2
DA:23,2
DA:24,0
DA:27,2
DA:28,2
DA:30,2
DA:31,0
DA:34,2
DA:39,0
DA:42,4
DA:43,7
DA:44,7
DA:45,0
DA:47,7
DA:48,0
DA:50,7
DA:51,7
DA:52,7
DA:55,4
DA:56,3
DA:57,3
DA:58,1
DA:60,2
DA:61,2
DA:62,1
DA:64,1
DA:67,4
DA:68,2
DA:69,2
DA:70,1
DA:72,1
LF:44
LH:39
BRDA:15,0,0,1
BRDA:23,1,0,0
BRDA:23,2,0,2
BRDA:23,2,1,2
BRDA:30,3,0,0
BRDA:30,4,0,2
BRDA:30,4,1,2
BRDA:44,5,0,0
BRDA:44,6,0,7
BRDA:44,6,1,7
BRDA:44,6,2,7
BRDA:47,7,0,0
BRDA:47,8,0,7
BRDA:47,8,1,6
BRDA:57,9,0,1
BRDA:57,10,0,3
BRDA:57,10,1,1
BRDA:57,10,2,1
BRDA:57,10,3,1
BRDA:61,11,0,1
BRDA:69,12,0,1
BRF:21
BRH:17
end_of_record
TN:
SF:src/controllers/savingsController.ts
FN:9,(anonymous_1)
FNF:1
FNH:1
FNDA:1,(anonymous_1)
DA:3,4
DA:4,4
DA:5,4
DA:6,4
DA:9,4
DA:10,1
DA:12,1
DA:13,0
DA:16,1
DA:17,1
DA:19,1
DA:20,0
DA:23,1
DA:25,1
DA:27,1
DA:42,1
DA:44,1
DA:59,1
DA:61,1
DA:63,1
LF:20
LH:18
BRDA:12,0,0,0
BRDA:12,1,0,1
BRDA:12,1,1,1
BRDA:19,2,0,0
BRDA:19,3,0,1
BRDA:19,3,1,1
BRDA:42,4,0,1
BRDA:42,4,1,0
BRDA:59,5,0,1
BRDA:59,5,1,0
BRF:10
BRH:6
end_of_record
TN:
SF:src/middlewares/authMiddleware.ts
FN:12,(anonymous_1)
FNF:1
FNH:1
FNDA:59,(anonymous_1)
DA:1,4
DA:2,4
DA:12,4
DA:13,59
DA:15,59
DA:16,59
DA:17,2
DA:18,2
DA:22,57
DA:23,54
DA:24,54
DA:25,0
DA:26,0
DA:28,54
DA:29,54
DA:31,3
LF:16
LH:14
BRDA:16,0,0,2
BRDA:24,1,0,0
BRF:2
BRH:1
end_of_record
TN:
SF:src/middlewares/errorHandler.ts
FN:6,(anonymous_1)
FN:12,(anonymous_2)
FNF:2
FNH:2
FNDA:10,(anonymous_1)
FNDA:13,(anonymous_2)
DA:2,4
DA:7,10
DA:8,10
DA:12,4
DA:13,13
DA:14,13
DA:15,13
DA:22,13
DA:25,4
LF:9
LH:9
BRDA:13,0,0,0
BRDA:14,1,0,13
BRDA:14,1,1,3
BRDA:22,2,0,13
BRDA:22,2,1,0
BRF:5
BRH:3
end_of_record
TN:
SF:src/middlewares/logger.ts
FNF:0
FNH:0
DA:1,4
DA:2,4
DA:3,4
DA:6,4
DA:9,4
DA:11,4
LF:6
LH:6
BRF:0
BRH:0
end_of_record
TN:
SF:src/middlewares/rateLimiter.ts
FN:9,(anonymous_1)
FNF:1
FNH:1
FNDA:71,(anonymous_1)
DA:1,4
DA:3,4
DA:10,71
DA:16,4
DA:22,4
LF:5
LH:5
BRDA:11,0,0,71
BRDA:11,0,1,67
BRF:2
BRH:2
end_of_record
TN:
SF:src/middlewares/validateMiddleware.ts
FN:5,(anonymous_1)
FN:6,(anonymous_2)
FN:9,(anonymous_3)
FNF:3
FNH:3
FNDA:28,(anonymous_1)
FNDA:39,(anonymous_2)
FNDA:12,(anonymous_3)
DA:3,4
DA:5,4
DA:6,28
DA:7,39
DA:8,39
DA:9,12
DA:11,12
DA:19,12
DA:20,12
DA:22,27
DA:26,4
LF:11
LH:11
BRDA:8,0,0,12
BRF:1
BRH:1
end_of_record
TN:
SF:src/models/expenseModel.ts
FNF:0
FNH:0
DA:1,4
DA:10,4
DA:20,4
DA:22,4
LF:4
LH:4
BRF:0
BRH:0
end_of_record
TN:
SF:src/models/incomeModel.ts
FNF:0
FNH:0
DA:1,4
DA:11,4
DA:22,4
DA:24,4
LF:4
LH:4
BRF:0
BRH:0
end_of_record
TN:
SF:src/models/userModel.ts
FN:27,(anonymous_1)
FN:36,(anonymous_2)
FNF:2
FNH:2
FNDA:4,(anonymous_1)
FNDA:2,(anonymous_2)
DA:1,4
DA:2,4
DA:15,4
DA:27,4
DA:28,4
DA:29,0
DA:31,4
DA:32,4
DA:36,4
DA:37,2
DA:40,4
DA:42,4
LF:12
LH:11
BRDA:28,0,0,0
BRF:1
BRH:0
end_of_record
TN:
SF:src/routes/auth.ts
FNF:0
FNH:0
DA:1,4
DA:2,4
DA:3,4
DA:4,4
DA:5,4
DA:6,4
DA:8,4
DA:10,4
DA:11,4
DA:12,4
DA:13,4
DA:15,4
LF:12
LH:12
BRF:0
BRH:0
end_of_record
TN:
SF:src/routes/expense.ts
FNF:0
FNH:0
DA:1,4
DA:2,4
DA:10,4
DA:11,4
DA:12,4
DA:13,4
DA:14,4
DA:15,4
DA:17,4
DA:19,4
DA:21,4
DA:22,4
DA:23,4
DA:24,4
DA:25,4
DA:26,4
DA:28,4
LF:17
LH:17
BRF:0
BRH:0
end_of_record
TN:
SF:src/routes/health.ts
FNF:0
FNH:0
DA:1,4
DA:2,4
DA:4,4
DA:6,4
DA:8,4
LF:5
LH:5
BRF:0
BRH:0
end_of_record
TN:
SF:src/routes/income.ts
FNF:0
FNH:0
DA:1,4
DA:2,4
DA:3,4
DA:4,4
DA:5,4
DA:6,4
DA:7,4
DA:8,4
DA:10,4
DA:12,4
DA:14,4
DA:15,4
DA:16,4
DA:17,4
DA:18,4
DA:19,4
DA:21,4
LF:17
LH:17
BRF:0
BRH:0
end_of_record
TN:
SF:src/routes/savings.ts
FNF:0
FNH:0
DA:1,4
DA:2,4
DA:3,4
DA:4,4
DA:5,4
DA:7,4
DA:9,4
DA:11,4
DA:13,4
LF:9
LH:9
BRF:0
BRH:0
end_of_record
TN:
SF:src/utils/catchAsync.ts
FN:9,(anonymous_0)
FN:10,(anonymous_1)
FNF:2
FNH:2
FNDA:68,(anonymous_0)
FNDA:42,(anonymous_1)
DA:9,4
DA:10,68
DA:11,42
DA:12,42
DA:14,13
DA:19,4
LF:6
LH:6
BRF:0
BRH:0
end_of_record
TN:
SF:src/utils/logger.ts
FNF:0
FNH:0
DA:1,4
DA:3,4
DA:5,4
DA:19,4
LF:4
LH:4
BRDA:6,0,0,4
BRDA:6,0,1,0
BRDA:11,1,0,4
BRDA:11,1,1,0
BRF:4
BRH:2
end_of_record
TN:
SF:src/validations/authValidation.ts
FNF:0
FNH:0
DA:1,4
DA:2,4
DA:4,4
DA:25,4
DA:39,4
LF:5
LH:5
BRF:0
BRH:0
end_of_record
TN:
SF:src/validations/expenseValidation.ts
FNF:0
FNH:0
DA:1,4
DA:2,4
DA:4,4
DA:23,4
LF:4
LH:4
BRF:0
BRH:0
end_of_record
TN:
SF:src/validations/incomeValidation.ts
FNF:0
FNH:0
DA:1,4
DA:2,4
DA:4,4
DA:27,4
LF:4
LH:4
BRF:0
BRH:0
end_of_record
TN:
SF:src/validations/validateParams.ts
FN:6,(anonymous_1)
FNF:1
FNH:1
FNDA:20,(anonymous_1)
DA:3,4
DA:4,4
DA:6,4
DA:7,20
DA:8,6
DA:15,6
DA:16,6
DA:18,14
LF:8
LH:8
BRDA:7,0,0,6
BRF:1
BRH:1
end_of_record
TN:
SF:src/validations/validateQuery.ts
FN:6,(anonymous_1)
FN:7,(anonymous_2)
FN:10,(anonymous_3)
FN:20,(anonymous_4)
FNF:4
FNH:4
FNDA:12,(anonymous_1)
FNDA:10,(anonymous_2)
FNDA:12,(anonymous_3)
FNDA:12,(anonymous_4)
DA:4,4
DA:6,4
DA:7,12
DA:8,10
DA:9,10
DA:10,12
DA:12,6
DA:20,12
DA:21,6
DA:23,4
LF:10
LH:10
BRDA:9,0,0,6
BRF:1
BRH:1
end_of_record
TN:
SF:src/validations/validationMessages.ts
FNF:0
FNH:0
DA:1,4
DA:17,4
LF:2
LH:2
BRF:0
BRH:0
end_of_record
TN:
SF:src/validations/validationSchemas.ts
FNF:0
FNH:0
DA:1,4
DA:2,4
DA:4,4
LF:3
LH:3
BRF:0
BRH:0
end_of_record
